<?xml version="1.0" encoding="UTF-8"?>
<testsuite xmlns:xsi="http://www.w3.org/2001/XMLSchema-instance" xsi:noNamespaceSchemaLocation="https://maven.apache.org/surefire/maven-surefire-plugin/xsd/surefire-test-report.xsd" version="3.0.2" name="ms.holiday.infraestructure.exception.ExceptionHelperTest" time="2.335" tests="4" errors="0" skipped="0" failures="0">
  <properties>
[...]
</properties>
  <testcase name="testHandleException" classname="ms.holiday.infraestructure.exception.ExceptionHelperTest" time="0.018">
    <system-out><![CDATA[20:38:04.657 [main] INFO org.springframework.test.context.support.AnnotationConfigContextLoaderUtils -- Could not detect default configuration classes for test class [ms.holiday.infraestructure.exception.ExceptionHelperTest]: ExceptionHelperTest does not declare any static, non-private, non-final, nested classes annotated with @Configuration.
20:38:04.706 [main] INFO org.springframework.boot.test.context.SpringBootTestContextBootstrapper -- Found @SpringBootConfiguration ms.holiday.MsHolidayApplication for test class ms.holiday.infraestructure.exception.ExceptionHelperTest

  .   ____          _            __ _ _
 /\\ / ___'_ __ _ _(_)_ __  __ _ \ \ \ \
( ( )\___ | '_ | '_| | '_ \/ _` | \ \ \ \
 \\/  ___)| |_)| | | | | || (_| |  ) ) ) )
  '  |____| .__|_| |_|_| |_\__, | / / / /
 =========|_|==============|___/=/_/_/_/

 :: Spring Boot ::                (v3.4.4)

2025-04-08T20:38:04.855-05:00  INFO 21652 --- [ms-holiday] [           main] m.h.i.exception.ExceptionHelperTest      : Starting ExceptionHelperTest using Java 21.0.6 with PID 21652 (started by andresmendez in /Users/andresmendez/HOY_PRUEBA/ms-holiday)
2025-04-08T20:38:04.855-05:00  INFO 21652 --- [ms-holiday] [           main] m.h.i.exception.ExceptionHelperTest      : No active profile set, falling back to 1 default profile: "default"
2025-04-08T20:38:05.418-05:00  INFO 21652 --- [ms-holiday] [           main] o.s.b.t.m.w.SpringBootMockServletContext : Initializing Spring TestDispatcherServlet ''
2025-04-08T20:38:05.418-05:00  INFO 21652 --- [ms-holiday] [           main] o.s.t.web.servlet.TestDispatcherServlet  : Initializing Servlet ''
2025-04-08T20:38:05.419-05:00  INFO 21652 --- [ms-holiday] [           main] o.s.t.web.servlet.TestDispatcherServlet  : Completed initialization in 1 ms
2025-04-08T20:38:05.477-05:00  INFO 21652 --- [ms-holiday] [           main] m.h.i.exception.ExceptionHelperTest      : Started ExceptionHelperTest in 0.72 seconds (process running for 1.085)
2025-04-08T20:38:05.478-05:00  INFO 21652 --- [ms-holiday] [           main] m.h.application.runner.StartupRunner     : Starting holiday application
2025-04-08T20:38:05.632-05:00 ERROR 21652 --- [ms-holiday] [           main] i.n.r.d.DnsServerAddressStreamProviders  : Unable to load io.netty.resolver.dns.macos.MacOSDnsServerAddressStreamProvider, fallback to system defaults. This may result in incorrect DNS resolutions on MacOS. Check whether you have a dependency on 'io.netty:netty-resolver-dns-native-macos'. Use DEBUG level to see the full stack: java.lang.UnsatisfiedLinkError: failed to load the required native library
2025-04-08T20:38:06.341-05:00  INFO 21652 --- [ms-holiday] [           main] m.h.application.runner.StartupRunner     : Finished holiday application
]]></system-out>
    <system-err><![CDATA[Mockito is currently self-attaching to enable the inline-mock-maker. This will no longer work in future releases of the JDK. Please add Mockito as an agent to your build what is described in Mockito's documentation: https://javadoc.io/doc/org.mockito/mockito-core/latest/org/mockito/Mockito.html#0.3
WARNING: A Java agent has been loaded dynamically (/Users/andresmendez/.m2/repository/net/bytebuddy/byte-buddy-agent/1.15.11/byte-buddy-agent-1.15.11.jar)
WARNING: If a serviceability tool is in use, please run with -XX:+EnableDynamicAgentLoading to hide this warning
WARNING: If a serviceability tool is not in use, please run with -Djdk.instrument.traceUsage for more information
WARNING: Dynamic loading of agents will be disallowed by default in a future release
]]></system-err>
  </testcase>
  <testcase name="handleConstraintViolationException" classname="ms.holiday.infraestructure.exception.ExceptionHelperTest" time="0.013"/>
  <testcase name="handleMethodArgumentNotValid" classname="ms.holiday.infraestructure.exception.ExceptionHelperTest" time="0.008"/>
  <testcase name="handleMethodArgumentTypeMismatch" classname="ms.holiday.infraestructure.exception.ExceptionHelperTest" time="0.005"/>
</testsuite>